  main.cpp
  ToolBar.cpp
g:\oop\project\oop-project-phase2\toolbar.cpp(32): warning C4018: '<': signed/unsigned mismatch
g:\oop\project\oop-project-phase2\toolbar.cpp(39): warning C4018: '<': signed/unsigned mismatch
g:\oop\project\oop-project-phase2\toolbar.cpp(44): warning C4018: '<': signed/unsigned mismatch
g:\oop\project\oop-project-phase2\toolbar.cpp(52): warning C4018: '<': signed/unsigned mismatch
g:\oop\project\oop-project-phase2\toolbar.cpp(60): warning C4018: '<': signed/unsigned mismatch
  Output.cpp
g:\oop\project\oop-project-phase2\gui\output.cpp(1071): warning C4800: 'PressType': forcing value to bool 'true' or 'false' (performance warning)
g:\oop\project\oop-project-phase2\gui\output.cpp(1190): warning C4018: '<': signed/unsigned mismatch
g:\oop\project\oop-project-phase2\gui\output.cpp(1840): warning C4244: '=': conversion from 'double' to 'int', possible loss of data
g:\oop\project\oop-project-phase2\gui\output.cpp(1841): warning C4244: '=': conversion from 'double' to 'int', possible loss of data
g:\oop\project\oop-project-phase2\gui\output.cpp(1842): warning C4244: 'initializing': conversion from 'double' to 'int', possible loss of data
g:\oop\project\oop-project-phase2\gui\output.cpp(1854): warning C4244: 'argument': conversion from 'double' to 'const int', possible loss of data
g:\oop\project\oop-project-phase2\gui\output.cpp(1855): warning C4244: 'argument': conversion from 'double' to 'const int', possible loss of data
g:\oop\project\oop-project-phase2\gui\output.cpp(1856): warning C4244: 'argument': conversion from 'double' to 'const int', possible loss of data
g:\oop\project\oop-project-phase2\gui\output.cpp(1868): warning C4244: 'argument': conversion from 'double' to 'const int', possible loss of data
  Input.cpp
  XOR3.cpp
g:\oop\project\oop-project-phase2\components\xor3.cpp(37): warning C4800: 'STATUS': forcing value to bool 'true' or 'false' (performance warning)
g:\oop\project\oop-project-phase2\components\xor3.cpp(44): warning C4800: 'STATUS': forcing value to bool 'true' or 'false' (performance warning)
  XOR2.cpp
g:\oop\project\oop-project-phase2\components\xor2.cpp(37): warning C4800: 'STATUS': forcing value to bool 'true' or 'false' (performance warning)
g:\oop\project\oop-project-phase2\components\xor2.cpp(44): warning C4800: 'STATUS': forcing value to bool 'true' or 'false' (performance warning)
  XNOR3.cpp
g:\oop\project\oop-project-phase2\components\xnor3.cpp(38): warning C4800: 'STATUS': forcing value to bool 'true' or 'false' (performance warning)
g:\oop\project\oop-project-phase2\components\xnor3.cpp(45): warning C4800: 'STATUS': forcing value to bool 'true' or 'false' (performance warning)
  XNOR2.cpp
g:\oop\project\oop-project-phase2\components\xnor2.cpp(38): warning C4800: 'STATUS': forcing value to bool 'true' or 'false' (performance warning)
g:\oop\project\oop-project-phase2\components\xnor2.cpp(45): warning C4800: 'STATUS': forcing value to bool 'true' or 'false' (performance warning)
  SWITCH.cpp
g:\oop\project\oop-project-phase2\components\switch.cpp(33): warning C4800: 'STATUS': forcing value to bool 'true' or 'false' (performance warning)
g:\oop\project\oop-project-phase2\components\switch.cpp(40): warning C4800: 'STATUS': forcing value to bool 'true' or 'false' (performance warning)
  OutputPin.cpp
  OR3.cpp
g:\oop\project\oop-project-phase2\components\or3.cpp(36): warning C4800: 'STATUS': forcing value to bool 'true' or 'false' (performance warning)
g:\oop\project\oop-project-phase2\components\or3.cpp(43): warning C4800: 'STATUS': forcing value to bool 'true' or 'false' (performance warning)
  OR2.cpp
g:\oop\project\oop-project-phase2\components\or2.cpp(37): warning C4800: 'STATUS': forcing value to bool 'true' or 'false' (performance warning)
g:\oop\project\oop-project-phase2\components\or2.cpp(44): warning C4800: 'STATUS': forcing value to bool 'true' or 'false' (performance warning)
  NOR3.cpp
g:\oop\project\oop-project-phase2\components\nor3.cpp(38): warning C4800: 'STATUS': forcing value to bool 'true' or 'false' (performance warning)
g:\oop\project\oop-project-phase2\components\nor3.cpp(45): warning C4800: 'STATUS': forcing value to bool 'true' or 'false' (performance warning)
  NOR2.cpp
g:\oop\project\oop-project-phase2\components\nor2.cpp(38): warning C4800: 'STATUS': forcing value to bool 'true' or 'false' (performance warning)
g:\oop\project\oop-project-phase2\components\nor2.cpp(45): warning C4800: 'STATUS': forcing value to bool 'true' or 'false' (performance warning)
  NAND3.cpp
g:\oop\project\oop-project-phase2\components\nand3.cpp(38): warning C4800: 'STATUS': forcing value to bool 'true' or 'false' (performance warning)
g:\oop\project\oop-project-phase2\components\nand3.cpp(45): warning C4800: 'STATUS': forcing value to bool 'true' or 'false' (performance warning)
  NAND2.cpp
g:\oop\project\oop-project-phase2\components\nand2.cpp(39): warning C4800: 'STATUS': forcing value to bool 'true' or 'false' (performance warning)
g:\oop\project\oop-project-phase2\components\nand2.cpp(46): warning C4800: 'STATUS': forcing value to bool 'true' or 'false' (performance warning)
  LED.cpp
g:\oop\project\oop-project-phase2\components\led.cpp(34): warning C4800: 'STATUS': forcing value to bool 'true' or 'false' (performance warning)
g:\oop\project\oop-project-phase2\components\led.cpp(41): warning C4800: 'STATUS': forcing value to bool 'true' or 'false' (performance warning)
  INV.cpp
g:\oop\project\oop-project-phase2\components\inv.cpp(32): warning C4800: 'STATUS': forcing value to bool 'true' or 'false' (performance warning)
g:\oop\project\oop-project-phase2\components\inv.cpp(39): warning C4800: 'STATUS': forcing value to bool 'true' or 'false' (performance warning)
  Gate.cpp
  Connection.cpp
g:\oop\project\oop-project-phase2\components\connection.cpp(36): warning C4800: 'STATUS': forcing value to bool 'true' or 'false' (performance warning)
g:\oop\project\oop-project-phase2\components\connection.cpp(42): warning C4800: 'STATUS': forcing value to bool 'true' or 'false' (performance warning)
  Generating Code...
  Compiling...
  Component.cpp
  Button.cpp
  BUFF.cpp
g:\oop\project\oop-project-phase2\components\buff.cpp(33): warning C4800: 'STATUS': forcing value to bool 'true' or 'false' (performance warning)
g:\oop\project\oop-project-phase2\components\buff.cpp(40): warning C4800: 'STATUS': forcing value to bool 'true' or 'false' (performance warning)
  AND3.cpp
g:\oop\project\oop-project-phase2\components\and3.cpp(37): warning C4800: 'STATUS': forcing value to bool 'true' or 'false' (performance warning)
g:\oop\project\oop-project-phase2\components\and3.cpp(44): warning C4800: 'STATUS': forcing value to bool 'true' or 'false' (performance warning)
  AND2.cpp
g:\oop\project\oop-project-phase2\components\and2.cpp(31): warning C4800: 'STATUS': forcing value to bool 'true' or 'false' (performance warning)
g:\oop\project\oop-project-phase2\components\and2.cpp(38): warning C4800: 'STATUS': forcing value to bool 'true' or 'false' (performance warning)
  Clipboard.cpp
  ApplicationManager.cpp
  XORToolBar.cpp
  Paste.cpp
  ORToolBar.cpp
  CUT.cpp
  AddXORgate3.cpp
  AddXORgate2.cpp
  AddXNORgate3.cpp
  AddXNORgate2.cpp
  AddToolBar.cpp
  AddORgate3.cpp
  AddORgate2.cpp
  AddNORgate3.cpp
  AddNORgate2.cpp
  Generating Code...
  Compiling...
  AddNANDgate3.cpp
  AddNANDgate2.cpp
  AddINV.cpp
  AddCONNECTION.cpp
  AddBUFF.cpp
  AddANDgate3.cpp
  AddANDgate2.cpp
  Generating Code...
  Compiling...
  ANDToolBar.cpp
  Generating Code...
  graphics_prj.vcxproj -> G:\OOP\Project\OOP-project-Phase2\.\Debug\graphics_prj.exe
