c:\users\ahmad elsayed\source\repos\oop-project-phase2\debug\graphics_prj.bsc
c:\users\ahmad elsayed\source\repos\oop-project-phase2\debug\vc140.pdb
c:\users\ahmad elsayed\source\repos\oop-project-phase2\debug\vc140.idb
c:\users\ahmad elsayed\source\repos\oop-project-phase2\debug\toolbar.sbr
c:\users\ahmad elsayed\source\repos\oop-project-phase2\debug\main.sbr
c:\users\ahmad elsayed\source\repos\oop-project-phase2\debug\output.sbr
c:\users\ahmad elsayed\source\repos\oop-project-phase2\debug\input.sbr
c:\users\ahmad elsayed\source\repos\oop-project-phase2\debug\griditem.sbr
c:\users\ahmad elsayed\source\repos\oop-project-phase2\debug\graph.sbr
c:\users\ahmad elsayed\source\repos\oop-project-phase2\debug\defs.sbr
c:\users\ahmad elsayed\source\repos\oop-project-phase2\debug\xor3.sbr
c:\users\ahmad elsayed\source\repos\oop-project-phase2\debug\xor2.sbr
c:\users\ahmad elsayed\source\repos\oop-project-phase2\debug\xor.sbr
c:\users\ahmad elsayed\source\repos\oop-project-phase2\debug\xnor3.sbr
c:\users\ahmad elsayed\source\repos\oop-project-phase2\debug\xnor2.sbr
c:\users\ahmad elsayed\source\repos\oop-project-phase2\debug\switch.sbr
c:\users\ahmad elsayed\source\repos\oop-project-phase2\debug\applicationmanager.sbr
c:\users\ahmad elsayed\source\repos\oop-project-phase2\debug\pin.sbr
c:\users\ahmad elsayed\source\repos\oop-project-phase2\debug\outputpin.sbr
c:\users\ahmad elsayed\source\repos\oop-project-phase2\debug\or3.sbr
c:\users\ahmad elsayed\source\repos\oop-project-phase2\debug\or2.sbr
c:\users\ahmad elsayed\source\repos\oop-project-phase2\debug\or.sbr
c:\users\ahmad elsayed\source\repos\oop-project-phase2\debug\nor3.sbr
c:\users\ahmad elsayed\source\repos\oop-project-phase2\debug\nor3.obj
c:\users\ahmad elsayed\source\repos\oop-project-phase2\debug\or.obj
c:\users\ahmad elsayed\source\repos\oop-project-phase2\debug\or2.obj
c:\users\ahmad elsayed\source\repos\oop-project-phase2\debug\or3.obj
c:\users\ahmad elsayed\source\repos\oop-project-phase2\debug\outputpin.obj
c:\users\ahmad elsayed\source\repos\oop-project-phase2\debug\pin.obj
c:\users\ahmad elsayed\source\repos\oop-project-phase2\debug\applicationmanager.obj
c:\users\ahmad elsayed\source\repos\oop-project-phase2\debug\switch.obj
c:\users\ahmad elsayed\source\repos\oop-project-phase2\debug\xnor2.obj
c:\users\ahmad elsayed\source\repos\oop-project-phase2\debug\xnor3.obj
c:\users\ahmad elsayed\source\repos\oop-project-phase2\debug\xor.obj
c:\users\ahmad elsayed\source\repos\oop-project-phase2\debug\xor2.obj
c:\users\ahmad elsayed\source\repos\oop-project-phase2\debug\xor3.obj
c:\users\ahmad elsayed\source\repos\oop-project-phase2\debug\defs.obj
c:\users\ahmad elsayed\source\repos\oop-project-phase2\debug\graph.obj
c:\users\ahmad elsayed\source\repos\oop-project-phase2\debug\griditem.obj
c:\users\ahmad elsayed\source\repos\oop-project-phase2\debug\input.obj
c:\users\ahmad elsayed\source\repos\oop-project-phase2\debug\output.obj
c:\users\ahmad elsayed\source\repos\oop-project-phase2\debug\main.obj
c:\users\ahmad elsayed\source\repos\oop-project-phase2\debug\toolbar.obj
c:\users\ahmad elsayed\source\repos\oop-project-phase2\debug\nor2.sbr
c:\users\ahmad elsayed\source\repos\oop-project-phase2\debug\nand3.sbr
c:\users\ahmad elsayed\source\repos\oop-project-phase2\debug\nand2.sbr
c:\users\ahmad elsayed\source\repos\oop-project-phase2\debug\led.sbr
c:\users\ahmad elsayed\source\repos\oop-project-phase2\debug\inv.sbr
c:\users\ahmad elsayed\source\repos\oop-project-phase2\debug\inputpin.sbr
c:\users\ahmad elsayed\source\repos\oop-project-phase2\debug\gatebar.sbr
c:\users\ahmad elsayed\source\repos\oop-project-phase2\debug\gate.sbr
c:\users\ahmad elsayed\source\repos\oop-project-phase2\debug\connection.sbr
c:\users\ahmad elsayed\source\repos\oop-project-phase2\debug\component.sbr
c:\users\ahmad elsayed\source\repos\oop-project-phase2\debug\button.sbr
c:\users\ahmad elsayed\source\repos\oop-project-phase2\debug\buff.sbr
c:\users\ahmad elsayed\source\repos\oop-project-phase2\debug\and3.sbr
c:\users\ahmad elsayed\source\repos\oop-project-phase2\debug\and2.sbr
c:\users\ahmad elsayed\source\repos\oop-project-phase2\debug\and.sbr
c:\users\ahmad elsayed\source\repos\oop-project-phase2\debug\windowinput.sbr
c:\users\ahmad elsayed\source\repos\oop-project-phase2\debug\mousequeue.sbr
c:\users\ahmad elsayed\source\repos\oop-project-phase2\debug\keyqueue.sbr
c:\users\ahmad elsayed\source\repos\oop-project-phase2\debug\image.sbr
c:\users\ahmad elsayed\source\repos\oop-project-phase2\debug\cmugraphics.sbr
c:\users\ahmad elsayed\source\repos\oop-project-phase2\debug\cmugraphics.obj
c:\users\ahmad elsayed\source\repos\oop-project-phase2\debug\image.obj
c:\users\ahmad elsayed\source\repos\oop-project-phase2\debug\keyqueue.obj
c:\users\ahmad elsayed\source\repos\oop-project-phase2\debug\mousequeue.obj
c:\users\ahmad elsayed\source\repos\oop-project-phase2\debug\windowinput.obj
c:\users\ahmad elsayed\source\repos\oop-project-phase2\debug\and.obj
c:\users\ahmad elsayed\source\repos\oop-project-phase2\debug\and2.obj
c:\users\ahmad elsayed\source\repos\oop-project-phase2\debug\and3.obj
c:\users\ahmad elsayed\source\repos\oop-project-phase2\debug\buff.obj
c:\users\ahmad elsayed\source\repos\oop-project-phase2\debug\button.obj
c:\users\ahmad elsayed\source\repos\oop-project-phase2\debug\component.obj
c:\users\ahmad elsayed\source\repos\oop-project-phase2\debug\connection.obj
c:\users\ahmad elsayed\source\repos\oop-project-phase2\debug\gate.obj
c:\users\ahmad elsayed\source\repos\oop-project-phase2\debug\gatebar.obj
c:\users\ahmad elsayed\source\repos\oop-project-phase2\debug\inputpin.obj
c:\users\ahmad elsayed\source\repos\oop-project-phase2\debug\inv.obj
c:\users\ahmad elsayed\source\repos\oop-project-phase2\debug\led.obj
c:\users\ahmad elsayed\source\repos\oop-project-phase2\debug\nand2.obj
c:\users\ahmad elsayed\source\repos\oop-project-phase2\debug\nand3.obj
c:\users\ahmad elsayed\source\repos\oop-project-phase2\debug\nor2.obj
c:\users\ahmad elsayed\source\repos\oop-project-phase2\debug\auxil.sbr
c:\users\ahmad elsayed\source\repos\oop-project-phase2\debug\addtoolbar.sbr
c:\users\ahmad elsayed\source\repos\oop-project-phase2\debug\undo.sbr
c:\users\ahmad elsayed\source\repos\oop-project-phase2\debug\statusbar.sbr
c:\users\ahmad elsayed\source\repos\oop-project-phase2\debug\simmode.sbr
c:\users\ahmad elsayed\source\repos\oop-project-phase2\debug\select.sbr
c:\users\ahmad elsayed\source\repos\oop-project-phase2\debug\save.sbr
c:\users\ahmad elsayed\source\repos\oop-project-phase2\debug\redo.sbr
c:\users\ahmad elsayed\source\repos\oop-project-phase2\debug\move.sbr
c:\users\ahmad elsayed\source\repos\oop-project-phase2\debug\load.sbr
c:\users\ahmad elsayed\source\repos\oop-project-phase2\debug\exit.sbr
c:\users\ahmad elsayed\source\repos\oop-project-phase2\debug\editelabel.sbr
c:\users\ahmad elsayed\source\repos\oop-project-phase2\debug\dsntool.sbr
c:\users\ahmad elsayed\source\repos\oop-project-phase2\debug\dsnmode.sbr
c:\users\ahmad elsayed\source\repos\oop-project-phase2\debug\drwngarea.sbr
c:\users\ahmad elsayed\source\repos\oop-project-phase2\debug\del.sbr
c:\users\ahmad elsayed\source\repos\oop-project-phase2\debug\createtruthtable.sbr
c:\users\ahmad elsayed\source\repos\oop-project-phase2\debug\changeswitch.sbr
c:\users\ahmad elsayed\source\repos\oop-project-phase2\debug\addxorgate3.sbr
c:\users\ahmad elsayed\source\repos\oop-project-phase2\debug\addxorgate2.sbr
c:\users\ahmad elsayed\source\repos\oop-project-phase2\debug\addxorgate2.obj
c:\users\ahmad elsayed\source\repos\oop-project-phase2\debug\addxorgate3.obj
c:\users\ahmad elsayed\source\repos\oop-project-phase2\debug\changeswitch.obj
c:\users\ahmad elsayed\source\repos\oop-project-phase2\debug\createtruthtable.obj
c:\users\ahmad elsayed\source\repos\oop-project-phase2\debug\del.obj
c:\users\ahmad elsayed\source\repos\oop-project-phase2\debug\drwngarea.obj
c:\users\ahmad elsayed\source\repos\oop-project-phase2\debug\dsnmode.obj
c:\users\ahmad elsayed\source\repos\oop-project-phase2\debug\dsntool.obj
c:\users\ahmad elsayed\source\repos\oop-project-phase2\debug\editelabel.obj
c:\users\ahmad elsayed\source\repos\oop-project-phase2\debug\exit.obj
c:\users\ahmad elsayed\source\repos\oop-project-phase2\debug\load.obj
c:\users\ahmad elsayed\source\repos\oop-project-phase2\debug\move.obj
c:\users\ahmad elsayed\source\repos\oop-project-phase2\debug\redo.obj
c:\users\ahmad elsayed\source\repos\oop-project-phase2\debug\save.obj
c:\users\ahmad elsayed\source\repos\oop-project-phase2\debug\select.obj
c:\users\ahmad elsayed\source\repos\oop-project-phase2\debug\simmode.obj
c:\users\ahmad elsayed\source\repos\oop-project-phase2\debug\statusbar.obj
c:\users\ahmad elsayed\source\repos\oop-project-phase2\debug\undo.obj
c:\users\ahmad elsayed\source\repos\oop-project-phase2\debug\addtoolbar.obj
c:\users\ahmad elsayed\source\repos\oop-project-phase2\debug\auxil.obj
c:\users\ahmad elsayed\source\repos\oop-project-phase2\debug\addxor.sbr
c:\users\ahmad elsayed\source\repos\oop-project-phase2\debug\addxnorgate3.sbr
c:\users\ahmad elsayed\source\repos\oop-project-phase2\debug\addxnorgate2.sbr
c:\users\ahmad elsayed\source\repos\oop-project-phase2\debug\addswitch.sbr
c:\users\ahmad elsayed\source\repos\oop-project-phase2\debug\addorgate3.sbr
c:\users\ahmad elsayed\source\repos\oop-project-phase2\debug\addorgate2.sbr
c:\users\ahmad elsayed\source\repos\oop-project-phase2\debug\addor.sbr
c:\users\ahmad elsayed\source\repos\oop-project-phase2\debug\addnorgate3.sbr
c:\users\ahmad elsayed\source\repos\oop-project-phase2\debug\addnorgate2.sbr
c:\users\ahmad elsayed\source\repos\oop-project-phase2\debug\addnandgate3.sbr
c:\users\ahmad elsayed\source\repos\oop-project-phase2\debug\addnandgate2.sbr
c:\users\ahmad elsayed\source\repos\oop-project-phase2\debug\addled.sbr
c:\users\ahmad elsayed\source\repos\oop-project-phase2\debug\addlabel.sbr
c:\users\ahmad elsayed\source\repos\oop-project-phase2\debug\addinv.sbr
c:\users\ahmad elsayed\source\repos\oop-project-phase2\debug\addgatebar.sbr
c:\users\ahmad elsayed\source\repos\oop-project-phase2\debug\addconnection.sbr
c:\users\ahmad elsayed\source\repos\oop-project-phase2\debug\addbuff.sbr
c:\users\ahmad elsayed\source\repos\oop-project-phase2\debug\addandgate3.sbr
c:\users\ahmad elsayed\source\repos\oop-project-phase2\debug\addandgate2.sbr
c:\users\ahmad elsayed\source\repos\oop-project-phase2\debug\addand.sbr
c:\users\ahmad elsayed\source\repos\oop-project-phase2\debug\addand.obj
c:\users\ahmad elsayed\source\repos\oop-project-phase2\debug\addandgate2.obj
c:\users\ahmad elsayed\source\repos\oop-project-phase2\debug\addandgate3.obj
c:\users\ahmad elsayed\source\repos\oop-project-phase2\debug\addbuff.obj
c:\users\ahmad elsayed\source\repos\oop-project-phase2\debug\addconnection.obj
c:\users\ahmad elsayed\source\repos\oop-project-phase2\debug\addgatebar.obj
c:\users\ahmad elsayed\source\repos\oop-project-phase2\debug\addinv.obj
c:\users\ahmad elsayed\source\repos\oop-project-phase2\debug\addlabel.obj
c:\users\ahmad elsayed\source\repos\oop-project-phase2\debug\addled.obj
c:\users\ahmad elsayed\source\repos\oop-project-phase2\debug\addnandgate2.obj
c:\users\ahmad elsayed\source\repos\oop-project-phase2\debug\addnandgate3.obj
c:\users\ahmad elsayed\source\repos\oop-project-phase2\debug\addnorgate2.obj
c:\users\ahmad elsayed\source\repos\oop-project-phase2\debug\addnorgate3.obj
c:\users\ahmad elsayed\source\repos\oop-project-phase2\debug\addor.obj
c:\users\ahmad elsayed\source\repos\oop-project-phase2\debug\addorgate2.obj
c:\users\ahmad elsayed\source\repos\oop-project-phase2\debug\addorgate3.obj
c:\users\ahmad elsayed\source\repos\oop-project-phase2\debug\addswitch.obj
c:\users\ahmad elsayed\source\repos\oop-project-phase2\debug\addxnorgate2.obj
c:\users\ahmad elsayed\source\repos\oop-project-phase2\debug\addxnorgate3.obj
c:\users\ahmad elsayed\source\repos\oop-project-phase2\debug\addxor.obj
c:\users\ahmad elsayed\source\repos\oop-project-phase2\debug\jutils.sbr
c:\users\ahmad elsayed\source\repos\oop-project-phase2\debug\jquant2.sbr
c:\users\ahmad elsayed\source\repos\oop-project-phase2\debug\jquant1.sbr
c:\users\ahmad elsayed\source\repos\oop-project-phase2\debug\jmemnobs.sbr
c:\users\ahmad elsayed\source\repos\oop-project-phase2\debug\jmemmgr.sbr
c:\users\ahmad elsayed\source\repos\oop-project-phase2\debug\jidctred.sbr
c:\users\ahmad elsayed\source\repos\oop-project-phase2\debug\jidctint.sbr
c:\users\ahmad elsayed\source\repos\oop-project-phase2\debug\jidctfst.sbr
c:\users\ahmad elsayed\source\repos\oop-project-phase2\debug\jidctflt.sbr
c:\users\ahmad elsayed\source\repos\oop-project-phase2\debug\jerror.sbr
c:\users\ahmad elsayed\source\repos\oop-project-phase2\debug\jdtrans.sbr
c:\users\ahmad elsayed\source\repos\oop-project-phase2\debug\jdsample.sbr
c:\users\ahmad elsayed\source\repos\oop-project-phase2\debug\jdpostct.sbr
c:\users\ahmad elsayed\source\repos\oop-project-phase2\debug\jdphuff.sbr
c:\users\ahmad elsayed\source\repos\oop-project-phase2\debug\jdmerge.sbr
c:\users\ahmad elsayed\source\repos\oop-project-phase2\debug\jdmaster.sbr
c:\users\ahmad elsayed\source\repos\oop-project-phase2\debug\jdmarker.sbr
c:\users\ahmad elsayed\source\repos\oop-project-phase2\debug\jdmainct.sbr
c:\users\ahmad elsayed\source\repos\oop-project-phase2\debug\jdinput.sbr
c:\users\ahmad elsayed\source\repos\oop-project-phase2\debug\jdhuff.sbr
c:\users\ahmad elsayed\source\repos\oop-project-phase2\debug\jdhuff.obj
c:\users\ahmad elsayed\source\repos\oop-project-phase2\debug\jdinput.obj
c:\users\ahmad elsayed\source\repos\oop-project-phase2\debug\jdmainct.obj
c:\users\ahmad elsayed\source\repos\oop-project-phase2\debug\jdmarker.obj
c:\users\ahmad elsayed\source\repos\oop-project-phase2\debug\jdmaster.obj
c:\users\ahmad elsayed\source\repos\oop-project-phase2\debug\jdmerge.obj
c:\users\ahmad elsayed\source\repos\oop-project-phase2\debug\jdphuff.obj
c:\users\ahmad elsayed\source\repos\oop-project-phase2\debug\jdpostct.obj
c:\users\ahmad elsayed\source\repos\oop-project-phase2\debug\jdsample.obj
c:\users\ahmad elsayed\source\repos\oop-project-phase2\debug\jdtrans.obj
c:\users\ahmad elsayed\source\repos\oop-project-phase2\debug\jerror.obj
c:\users\ahmad elsayed\source\repos\oop-project-phase2\debug\jidctflt.obj
c:\users\ahmad elsayed\source\repos\oop-project-phase2\debug\jidctfst.obj
c:\users\ahmad elsayed\source\repos\oop-project-phase2\debug\jidctint.obj
c:\users\ahmad elsayed\source\repos\oop-project-phase2\debug\jidctred.obj
c:\users\ahmad elsayed\source\repos\oop-project-phase2\debug\jmemmgr.obj
c:\users\ahmad elsayed\source\repos\oop-project-phase2\debug\jmemnobs.obj
c:\users\ahmad elsayed\source\repos\oop-project-phase2\debug\jquant1.obj
c:\users\ahmad elsayed\source\repos\oop-project-phase2\debug\jquant2.obj
c:\users\ahmad elsayed\source\repos\oop-project-phase2\debug\jutils.obj
c:\users\ahmad elsayed\source\repos\oop-project-phase2\debug\jddctmgr.sbr
c:\users\ahmad elsayed\source\repos\oop-project-phase2\debug\jdcolor.sbr
c:\users\ahmad elsayed\source\repos\oop-project-phase2\debug\jdcoefct.sbr
c:\users\ahmad elsayed\source\repos\oop-project-phase2\debug\jdatasrc.sbr
c:\users\ahmad elsayed\source\repos\oop-project-phase2\debug\jdapistd.sbr
c:\users\ahmad elsayed\source\repos\oop-project-phase2\debug\jdapimin.sbr
c:\users\ahmad elsayed\source\repos\oop-project-phase2\debug\jcparam.sbr
c:\users\ahmad elsayed\source\repos\oop-project-phase2\debug\jcomapi.sbr
c:\users\ahmad elsayed\source\repos\oop-project-phase2\debug\jpegload.sbr
c:\users\ahmad elsayed\source\repos\oop-project-phase2\debug\jpegload.obj
c:\users\ahmad elsayed\source\repos\oop-project-phase2\debug\jcomapi.obj
c:\users\ahmad elsayed\source\repos\oop-project-phase2\debug\jcparam.obj
c:\users\ahmad elsayed\source\repos\oop-project-phase2\debug\jdapimin.obj
c:\users\ahmad elsayed\source\repos\oop-project-phase2\debug\jdapistd.obj
c:\users\ahmad elsayed\source\repos\oop-project-phase2\debug\jdatasrc.obj
c:\users\ahmad elsayed\source\repos\oop-project-phase2\debug\jdcoefct.obj
c:\users\ahmad elsayed\source\repos\oop-project-phase2\debug\jdcolor.obj
c:\users\ahmad elsayed\source\repos\oop-project-phase2\debug\jddctmgr.obj
c:\users\ahmad elsayed\source\repos\oop-project-phase2\debug\andtoolbar.sbr
c:\users\ahmad elsayed\source\repos\oop-project-phase2\debug\andtoolbar.obj
c:\users\ahmad elsayed\source\repos\oop-project-phase2\debug\xortoolbar.sbr
c:\users\ahmad elsayed\source\repos\oop-project-phase2\debug\ortoolbar.sbr
c:\users\ahmad elsayed\source\repos\oop-project-phase2\debug\ortoolbar.obj
c:\users\ahmad elsayed\source\repos\oop-project-phase2\debug\xortoolbar.obj
c:\users\ahmad elsayed\source\repos\oop-project-phase2\debug\clipboard.sbr
c:\users\ahmad elsayed\source\repos\oop-project-phase2\debug\paste.sbr
c:\users\ahmad elsayed\source\repos\oop-project-phase2\debug\cut.sbr
c:\users\ahmad elsayed\source\repos\oop-project-phase2\debug\paste.obj
c:\users\ahmad elsayed\source\repos\oop-project-phase2\debug\clipboard.obj
c:\users\ahmad elsayed\source\repos\oop-project-phase2\debug\cut.obj
c:\users\ahmad elsayed\source\repos\oop-project-phase2\debug\graphics_prj.ilk
c:\users\ahmad elsayed\source\repos\oop-project-phase2\debug\graphics_prj.exe
c:\users\ahmad elsayed\source\repos\oop-project-phase2\debug\graphics_prj.pdb
c:\users\ahmad elsayed\source\repos\oop-project-phase2\.\debug\graphics_prj.exe
c:\users\ahmad elsayed\source\repos\oop-project-phase2\debug\graphics_prj.tlog\bscmake.command.1.tlog
c:\users\ahmad elsayed\source\repos\oop-project-phase2\debug\graphics_prj.tlog\bscmake.read.1.tlog
c:\users\ahmad elsayed\source\repos\oop-project-phase2\debug\graphics_prj.tlog\bscmake.write.1.tlog
c:\users\ahmad elsayed\source\repos\oop-project-phase2\debug\graphics_prj.tlog\cl.command.1.tlog
c:\users\ahmad elsayed\source\repos\oop-project-phase2\debug\graphics_prj.tlog\cl.read.1.tlog
c:\users\ahmad elsayed\source\repos\oop-project-phase2\debug\graphics_prj.tlog\cl.write.1.tlog
c:\users\ahmad elsayed\source\repos\oop-project-phase2\debug\graphics_prj.tlog\link.command.1.tlog
c:\users\ahmad elsayed\source\repos\oop-project-phase2\debug\graphics_prj.tlog\link.read.1.tlog
c:\users\ahmad elsayed\source\repos\oop-project-phase2\debug\graphics_prj.tlog\link.write.1.tlog
